
12/4/2015, 2:20:09 PM

Operating System
  Name                        = Mac OS X
  Version                     = 10.11.1
  Architecture                = 64bit
  # CPUs                      = 8
  Memory                      = 17179869184

Node.js
  Node.js Version             = 4.2.2
  npm Version                 = 2.14.7

Titanium CLI
  CLI Version                 = 5.0.5

Titanium SDK
  SDK Version                 = 5.1.1.GA
  SDK Path                    = /Users/JarrodSmith/Library/Application Support/Titanium/mobilesdk/osx/5.1.1.GA
  Target Platform             = iphone

Command
  /usr/local/bin/node /Users/JarrodSmith/.appcelerator/install/5.1.0/package/node_modules/appc-cli-titanium/node_modules/titanium/bin/titanium build --platform ios --log-level trace --sdk 5.1.1.GA --project-dir /Users/JarrodSmith/GitHub/Smith_Jarrod_Visualframeworks/Smith_Jarrod_Project2 --target simulator --ios-version 9.1 --device-family iphone --sim-type iphone --sim-version 9.1 --device-id 4CEBAE54-9A9A-435D-BD74-8DAA9E3D15EC --skip-js-minify --liveview --deploy-type development --no-colors --no-progress-bars --no-prompt --prompt-type socket-bundle --prompt-port 49395 --plugin-paths /Users/JarrodSmith/.appcelerator/install/5.1.0/package/node_modules --config-file /var/folders/zk/r7vy3c8503792qfczh43dhfw0000gn/T/build-1449260406481.json --no-banner

[TRACE]  [ioslib] Validating iOS Simulator UDID 4CEBAE54-9A9A-435D-BD74-8DAA9E3D15EC
[TRACE]  [ioslib] Found iOS Simulator UDID 4CEBAE54-9A9A-435D-BD74-8DAA9E3D15EC
[TRACE]  [ioslib] Selected iOS Simulator: iPhone 5
[TRACE]  [ioslib]   UDID    = 4CEBAE54-9A9A-435D-BD74-8DAA9E3D15EC
[TRACE]  [ioslib]   iOS     = 9.1
[TRACE]  [ioslib] Autoselected Xcode: 7.1.1
[DEBUG]  Detecting modules in /Users/JarrodSmith/Library/Application Support/Titanium/modules
[DEBUG]  Detected android module: facebook 4.0.5 @ /Users/JarrodSmith/Library/Application Support/Titanium/modules/android/facebook/4.0.5
[DEBUG]  Detected android module: ti.cloudpush 3.4.0 @ /Users/JarrodSmith/Library/Application Support/Titanium/modules/android/ti.cloudpush/3.4.0
[DEBUG]  Detected android module: ti.map 2.3.4 @ /Users/JarrodSmith/Library/Application Support/Titanium/modules/android/ti.map/2.3.4
[DEBUG]  Detected commonjs module: ti.cloud 3.2.9 @ /Users/JarrodSmith/Library/Application Support/Titanium/modules/commonjs/ti.cloud/3.2.9
[DEBUG]  Detected iphone module: com.appcelerator.urlSession 2.0.0 @ /Users/JarrodSmith/Library/Application Support/Titanium/modules/iphone/com.appcelerator.urlSession/2.0.0
[DEBUG]  Detected iphone module: facebook 4.0.5 @ /Users/JarrodSmith/Library/Application Support/Titanium/modules/iphone/facebook/4.0.5
[DEBUG]  Detected iphone module: ti.coremotion 1.1.0 @ /Users/JarrodSmith/Library/Application Support/Titanium/modules/iphone/ti.coremotion/1.1.0
[DEBUG]  Detected iphone module: ti.map 2.4.1 @ /Users/JarrodSmith/Library/Application Support/Titanium/modules/iphone/ti.map/2.4.1
[DEBUG]  Detected iphone module: ti.safaridialog 1.0.2 @ /Users/JarrodSmith/Library/Application Support/Titanium/modules/iphone/ti.safaridialog/1.0.2
[DEBUG]  Detected iphone module: ti.touchid 1.2.0 @ /Users/JarrodSmith/Library/Application Support/Titanium/modules/iphone/ti.touchid/1.2.0
[DEBUG]  No project level plugins to load
[TRACE]  Snapshotting build directory
[DEBUG]  Titanium SDK iOS directory: /Users/JarrodSmith/Library/Application Support/Titanium/mobilesdk/osx/5.1.1.GA/iphone
[INFO]   Deploy type: development
[INFO]   Building for target: simulator
[INFO]   Building using iOS SDK: 9.1
[INFO]   Building for iOS Simulator: iPhone 5
[DEBUG]  UDID: 4CEBAE54-9A9A-435D-BD74-8DAA9E3D15EC
[DEBUG]  Simulator type: iphone
[DEBUG]  Simulator version: 9.1
[INFO]   Building for device family: iphone
[DEBUG]  Setting Xcode target to Debug
[DEBUG]  Setting Xcode build OS to iphonesimulator
[DEBUG]  Xcode installation: /Applications/Xcode.app/Contents/Developer
[DEBUG]  iOS WWDR certificate: installed
[INFO]   Minimum iOS version: 7.1
[INFO]   Debugging disabled
[INFO]   Profiler disabled
[INFO]   Set to copy files instead of symlinking
[INFO]   Initializing the build directory
[TRACE]  offline build file /var/folders/zk/r7vy3c8503792qfczh43dhfw0000gn/T/build-58d8f2116ffd00ca9d62bc125349a90f601e53a6.json
[TRACE]  online 1
[TRACE]  optimizing build, last build was 49583.083 sec ago
[INFO]   Creating Xcode project
[TRACE]  Removing pre-compile phase
[TRACE]  No native module libraries to add
[TRACE]  No extensions to add
[TRACE]  No change, skipping /Users/JarrodSmith/GitHub/Smith_Jarrod_Visualframeworks/Smith_Jarrod_Project2/build/iphone/Smith_Jarrod_Project2.xcodeproj/project.pbxproj
[INFO]   Creating Entitlements.plist
[TRACE]  No change, skipping /Users/JarrodSmith/GitHub/Smith_Jarrod_Visualframeworks/Smith_Jarrod_Project2/build/iphone/Smith_Jarrod_Project2.entitlements
[INFO]   Creating Info.plist
[INFO]   Disabling ATS
[TRACE]  No change, skipping /Users/JarrodSmith/GitHub/Smith_Jarrod_Visualframeworks/Smith_Jarrod_Project2/build/iphone/Info.plist
[INFO]   Creating main.m
[TRACE]  No change, skipping /Users/JarrodSmith/GitHub/Smith_Jarrod_Visualframeworks/Smith_Jarrod_Project2/build/iphone/main.m
[INFO]   Creating Xcode config files
[TRACE]  No change, skipping /Users/JarrodSmith/GitHub/Smith_Jarrod_Visualframeworks/Smith_Jarrod_Project2/build/iphone/project.xcconfig
[TRACE]  No change, skipping /Users/JarrodSmith/GitHub/Smith_Jarrod_Visualframeworks/Smith_Jarrod_Project2/build/iphone/module.xcconfig
[INFO]   Copying Titanium libraries
[TRACE]  No change, skipping /Users/JarrodSmith/GitHub/Smith_Jarrod_Visualframeworks/Smith_Jarrod_Project2/build/iphone/lib/libTiCore.a
[TRACE]  No change, skipping /Users/JarrodSmith/GitHub/Smith_Jarrod_Visualframeworks/Smith_Jarrod_Project2/build/iphone/lib/libtiverify.a
[TRACE]  No change, skipping /Users/JarrodSmith/GitHub/Smith_Jarrod_Visualframeworks/Smith_Jarrod_Project2/build/iphone/lib/libti_ios_debugger.a
[TRACE]  No change, skipping /Users/JarrodSmith/GitHub/Smith_Jarrod_Visualframeworks/Smith_Jarrod_Project2/build/iphone/lib/libti_ios_profiler.a
[INFO]   Copying Titanium iOS files
[TRACE]  Skipping Classes/ApplicationRouting.m, it'll be processed later
[TRACE]  No change, skipping /Users/JarrodSmith/GitHub/Smith_Jarrod_Visualframeworks/Smith_Jarrod_Project2/build/iphone/Smith_Jarrod_Project2_Prefix.pch
[TRACE]  No change, skipping /Users/JarrodSmith/GitHub/Smith_Jarrod_Visualframeworks/Smith_Jarrod_Project2/build/iphone/Smith_Jarrod_Project2.xcodeproj/xcshareddata/xcschemes/Smith_Jarrod_Project2.xcscheme
[INFO]   Creating debugger and profiler plists
[DEBUG]  Skipping /Users/JarrodSmith/GitHub/Smith_Jarrod_Visualframeworks/Smith_Jarrod_Project2/build/iphone/build/Products/Debug-iphonesimulator/Smith_Jarrod_Project2.app/debugger.plist
[DEBUG]  Skipping /Users/JarrodSmith/GitHub/Smith_Jarrod_Visualframeworks/Smith_Jarrod_Project2/build/iphone/build/Products/Debug-iphonesimulator/Smith_Jarrod_Project2.app/profiler.plist
[INFO]   Analyzing Resources directory
[INFO]   Analyzing platform files
[INFO]   Analyzing module files
[INFO]   Analyzing localized launch images
[INFO]   Analyzing CommonJS modules
[INFO]   Creating asset catalog
[TRACE]  No change, skipping /Users/JarrodSmith/GitHub/Smith_Jarrod_Visualframeworks/Smith_Jarrod_Project2/build/iphone/Assets.xcassets/Contents.json
[INFO]   Creating app icon set
[TRACE]  Found generated 58x58 app icon: /Users/JarrodSmith/GitHub/Smith_Jarrod_Visualframeworks/Smith_Jarrod_Project2/build/iphone/Assets.xcassets/AppIcon.appiconset/appicon-Small@2x.png
[TRACE]  Found generated 87x87 app icon: /Users/JarrodSmith/GitHub/Smith_Jarrod_Visualframeworks/Smith_Jarrod_Project2/build/iphone/Assets.xcassets/AppIcon.appiconset/appicon-Small@3x.png
[TRACE]  Found generated 80x80 app icon: /Users/JarrodSmith/GitHub/Smith_Jarrod_Visualframeworks/Smith_Jarrod_Project2/build/iphone/Assets.xcassets/AppIcon.appiconset/appicon-Small-40@2x.png
[TRACE]  Found generated 120x120 app icon: /Users/JarrodSmith/GitHub/Smith_Jarrod_Visualframeworks/Smith_Jarrod_Project2/build/iphone/Assets.xcassets/AppIcon.appiconset/appicon-Small-40@3x.png
[TRACE]  Found generated 120x120 app icon: /Users/JarrodSmith/GitHub/Smith_Jarrod_Visualframeworks/Smith_Jarrod_Project2/build/iphone/Assets.xcassets/AppIcon.appiconset/appicon-60@2x.png
[TRACE]  Found generated 180x180 app icon: /Users/JarrodSmith/GitHub/Smith_Jarrod_Visualframeworks/Smith_Jarrod_Project2/build/iphone/Assets.xcassets/AppIcon.appiconset/appicon-60@3x.png
[TRACE]  No change, skipping /Users/JarrodSmith/GitHub/Smith_Jarrod_Visualframeworks/Smith_Jarrod_Project2/build/iphone/Assets.xcassets/AppIcon.appiconset/Contents.json
[INFO]   Creating launch image set
[DEBUG]  Skipping iPad launch image: Resources/iphone/Default-Landscape.png
[DEBUG]  Skipping iPad launch image: Resources/iphone/Default-Landscape@2x.png
[DEBUG]  Skipping iPad launch image: Resources/iphone/Default-Portrait.png
[DEBUG]  Skipping iPad launch image: Resources/iphone/Default-Portrait@2x.png
[DEBUG]  Unsupported launch image Resources/iphone/Default.png, skipping
[TRACE]  No change, skipping /Users/JarrodSmith/GitHub/Smith_Jarrod_Visualframeworks/Smith_Jarrod_Project2/build/iphone/Assets.xcassets/LaunchImage.launchimage/Contents.json
[INFO]   App thinning disabled, skipping asset image sets
[DEBUG]  Copying resources
[TRACE]  No change, skipping /Users/JarrodSmith/GitHub/Smith_Jarrod_Visualframeworks/Smith_Jarrod_Project2/build/iphone/build/Products/Debug-iphonesimulator/Smith_Jarrod_Project2.app/KS_nav_ui.png
[TRACE]  No change, skipping /Users/JarrodSmith/GitHub/Smith_Jarrod_Visualframeworks/Smith_Jarrod_Project2/build/iphone/build/Products/Debug-iphonesimulator/Smith_Jarrod_Project2.app/KS_nav_views.png
[TRACE]  No change, skipping /Users/JarrodSmith/GitHub/Smith_Jarrod_Visualframeworks/Smith_Jarrod_Project2/build/iphone/Assets.xcassets/LaunchImage.launchimage/Default-568h@2x.png
[TRACE]  No change, skipping /Users/JarrodSmith/GitHub/Smith_Jarrod_Visualframeworks/Smith_Jarrod_Project2/build/iphone/Assets.xcassets/LaunchImage.launchimage/Default-667h@2x.png
[TRACE]  No change, skipping /Users/JarrodSmith/GitHub/Smith_Jarrod_Visualframeworks/Smith_Jarrod_Project2/build/iphone/Assets.xcassets/LaunchImage.launchimage/Default-Landscape-736h@3x.png
[TRACE]  No change, skipping /Users/JarrodSmith/GitHub/Smith_Jarrod_Visualframeworks/Smith_Jarrod_Project2/build/iphone/Assets.xcassets/LaunchImage.launchimage/Default-Portrait-736h@3x.png
[TRACE]  No change, skipping /Users/JarrodSmith/GitHub/Smith_Jarrod_Visualframeworks/Smith_Jarrod_Project2/build/iphone/Assets.xcassets/LaunchImage.launchimage/Default@2x.png
[DEBUG]  Copying CSS files
[INFO]   Processing JavaScript files
[DEBUG]  Overwriting /var/folders/zk/r7vy3c8503792qfczh43dhfw0000gn/T/liveview.js => /Users/JarrodSmith/GitHub/Smith_Jarrod_Visualframeworks/Smith_Jarrod_Project2/build/iphone/build/Products/Debug-iphonesimulator/Smith_Jarrod_Project2.app/app.js
[INFO]   Writing app properties
[TRACE]  No change, skipping /Users/JarrodSmith/GitHub/Smith_Jarrod_Visualframeworks/Smith_Jarrod_Project2/build/iphone/build/Products/Debug-iphonesimulator/Smith_Jarrod_Project2.app/_app_props_.json
[DEBUG]  Using default application routing
[TRACE]  No change, skipping /Users/JarrodSmith/GitHub/Smith_Jarrod_Visualframeworks/Smith_Jarrod_Project2/build/iphone/Classes/ApplicationRouting.m
[INFO]   Writing i18n files
[DEBUG]  No i18n files to process
[INFO]   Processing Titanium symbols
[DEBUG]  Processing Titanium namespace resources
[TRACE]  No change, skipping /Users/JarrodSmith/GitHub/Smith_Jarrod_Visualframeworks/Smith_Jarrod_Project2/build/iphone/build/Products/Debug-iphonesimulator/Smith_Jarrod_Project2.app/modules/ui/images/badge.png
[TRACE]  No change, skipping /Users/JarrodSmith/GitHub/Smith_Jarrod_Visualframeworks/Smith_Jarrod_Project2/build/iphone/build/Products/Debug-iphonesimulator/Smith_Jarrod_Project2.app/modules/ui/images/closeButton.png
[TRACE]  No change, skipping /Users/JarrodSmith/GitHub/Smith_Jarrod_Visualframeworks/Smith_Jarrod_Project2/build/iphone/build/Products/Debug-iphonesimulator/Smith_Jarrod_Project2.app/modules/ui/images/photoDefault.png
[TRACE]  No change, skipping /Users/JarrodSmith/GitHub/Smith_Jarrod_Visualframeworks/Smith_Jarrod_Project2/build/iphone/Classes/defines.h
[INFO]   Removing files
[DEBUG]  Removing empty directories
[INFO]   Skipping xcodebuild
[INFO]   Finished building the application in 1s 693ms
[INFO]   Launching iOS Simulator
[TRACE]  [ioslib] Selected iOS Simulator: iPhone 5
[TRACE]  [ioslib]   UDID    = 4CEBAE54-9A9A-435D-BD74-8DAA9E3D15EC
[TRACE]  [ioslib]   iOS     = 9.1
[TRACE]  [ioslib] Autoselected Xcode: 7.1.1
[TRACE]  [ioslib] Removing old log file: /Users/JarrodSmith/Library/Developer/CoreSimulator/Devices/4CEBAE54-9A9A-435D-BD74-8DAA9E3D15EC/data/Containers/Data/Application/313DA078-C86E-41E9-B352-344E1D8E69AD/Documents/cc13985a-6c71-4814-9111-45ca7ef0e035.log
[TRACE]  [ioslib] iPhone 5 Simulator already running with the correct udid
[TRACE]  [ioslib] Tailing iPhone 5 Simulator system log: /Users/JarrodSmith/Library/Logs/CoreSimulator/4CEBAE54-9A9A-435D-BD74-8DAA9E3D15EC/system.log
[TRACE]  [ioslib] Running: osascript "/Users/JarrodSmith/Library/Application Support/Titanium/mobilesdk/osx/5.1.1.GA/node_modules/ioslib/lib/sim_focus.scpt" "Simulator"
[TRACE]  [ioslib] iPhone 5 Simulator successfully focused
[TRACE]  [ioslib] Running: /Applications/Xcode.app/Contents/Developer/usr/bin/simctl install 4CEBAE54-9A9A-435D-BD74-8DAA9E3D15EC /Users/JarrodSmith/GitHub/Smith_Jarrod_Visualframeworks/Smith_Jarrod_Project2/build/iphone/build/Products/Debug-iphonesimulator/Smith_Jarrod_Project2.app
[TRACE]  [ioslib] App installed
[TRACE]  [ioslib] Running: /Applications/Xcode.app/Contents/Developer/usr/bin/simctl launch 4CEBAE54-9A9A-435D-BD74-8DAA9E3D15EC com.tables
[TRACE]  [ioslib] App launched
[TRACE]  [Smith_Jarrod_Project2] assertion failed: 15B42 13B137: libxpc.dylib + 71730 [D938B614-A290-3D25-8032-8DEF8A01913A]: 0x7d
[TRACE]  [ioslib] Found application log file: /Users/JarrodSmith/Library/Developer/CoreSimulator/Devices/4CEBAE54-9A9A-435D-BD74-8DAA9E3D15EC/data/Containers/Data/Application/9FC6189F-C3E7-4D84-888D-E812EE0CC817/Documents/cc13985a-6c71-4814-9111-45ca7ef0e035.log
[TRACE]  [ioslib] Detected crash, but no crash file